<?xml version="1.0" encoding="UTF-8"?>
<!-- Generated by org.testng.reporters.JUnitReportReporter -->
<testsuite hostname="DESKTOP-G34M644" failures="0" tests="1" name="TestCase.NewCustomerTestCase__003" time="11.747" errors="0" timestamp="2025-03-24T15:51:31 IST" skipped="0">
  <testcase classname="TestCase.NewCustomerTestCase__003" name="NewCustomerCreation" time="11.747"/>
</testsuite> <!-- TestCase.NewCustomerTestCase__003 -->
