<?xml version="1.0" encoding="UTF-8"?>
<!-- Generated by org.testng.reporters.JUnitReportReporter -->
<testsuite hostname="DESKTOP-G34M644" failures="0" tests="4" name="TestCase.TC__002_LoginTestDDT" time="30.500" errors="0" timestamp="2025-03-25T16:10:17 IST" skipped="0">
  <testcase classname="TestCase.TC__002_LoginTestDDT" name="LoginDDT" time="8.086"/>
  <testcase classname="TestCase.TC__002_LoginTestDDT" name="LoginDDT" time="7.496"/>
  <testcase classname="TestCase.TC__002_LoginTestDDT" name="LoginDDT" time="8.116"/>
  <testcase classname="TestCase.TC__002_LoginTestDDT" name="LoginDDT" time="6.802"/>
</testsuite> <!-- TestCase.TC__002_LoginTestDDT -->
