<?xml version="1.0" encoding="UTF-8"?>
<!-- Generated by org.testng.reporters.JUnitReportReporter -->
<testsuite hostname="DESKTOP-G34M644" failures="0" tests="1" name="TestCase.LoginTest__001" time="4.813" errors="0" timestamp="2025-03-25T16:10:17 IST" skipped="0">
  <testcase classname="TestCase.LoginTest__001" name="login" time="4.813"/>
</testsuite> <!-- TestCase.LoginTest__001 -->
